  Ball.cpp
E:\dev\CppProjects\OOP\PopBallv3\Ball.cpp(18,31): warning C4244: '=': conversion from 'int' to 'float', possible loss of data
E:\dev\CppProjects\OOP\PopBallv3\Ball.cpp(19,51): warning C4244: '=': conversion from 'int' to 'float', possible loss of data
E:\dev\CppProjects\OOP\PopBallv3\Ball.cpp(20,31): warning C4244: '=': conversion from 'int' to 'float', possible loss of data
E:\dev\CppProjects\OOP\PopBallv3\Ball.cpp(21,53): warning C4244: '=': conversion from 'int' to 'float', possible loss of data
E:\dev\CppProjects\OOP\PopBallv3\Ball.cpp(36,23): warning C4244: '=': conversion from 'int' to 'float', possible loss of data
E:\dev\CppProjects\OOP\PopBallv3\Ball.cpp(37,23): warning C4244: '=': conversion from 'int' to 'float', possible loss of data
E:\dev\CppProjects\OOP\PopBallv3\Ball.cpp(67,14): warning C4244: 'initializing': conversion from 'double' to 'float', possible loss of data
E:\dev\CppProjects\OOP\PopBallv3\Ball.cpp(68,14): warning C4244: 'initializing': conversion from 'double' to 'float', possible loss of data
E:\dev\CppProjects\OOP\PopBallv3\Ball.cpp(71,15): warning C4244: '=': conversion from 'double' to 'float', possible loss of data
E:\dev\CppProjects\OOP\PopBallv3\Ball.cpp(72,15): warning C4244: '=': conversion from 'double' to 'float', possible loss of data
  MainForm.cpp
E:\dev\CppProjects\OOP\PopBallv3\MainForm.h(138,60): warning C4244: 'argument': conversion from 'int' to 'float', possible loss of data
  (compiling source file 'MainForm.cpp')
  
E:\dev\CppProjects\OOP\PopBallv3\MainForm.h(138,54): warning C4244: 'argument': conversion from 'int' to 'float', possible loss of data
  (compiling source file 'MainForm.cpp')
  
E:\dev\CppProjects\OOP\PopBallv3\MainForm.cpp(14,12): warning C4244: 'argument': conversion from 'time_t' to 'unsigned int', possible loss of data
  Manager.cpp
E:\dev\CppProjects\OOP\PopBallv3\Manager.cpp(63,17): warning C4244: 'initializing': conversion from 'double' to 'float', possible loss of data
E:\dev\CppProjects\OOP\PopBallv3\Manager.cpp(80,15): warning C4244: 'initializing': conversion from 'double' to 'float', possible loss of data
  .NETFramework,Version=v4.7.2.AssemblyAttributes.cpp
  Generating Code...
E:\dev\CppProjects\OOP\PopBallv3\Manager.cpp(49,1): warning C4715: 'Manager::remove': not all control paths return a value
  Ball.obj : MSIL module encountered; incremental linking is disabled for MSIL; performing full link
  PopBallv3.vcxproj -> E:\dev\CppProjects\OOP\PopBallv3\x64\Debug\PopBallv3.exe
